# JRE version: Java(TM) SE Runtime Environment (17.0.3.1+2) (build 17.0.3.1+2-LTS-6)
# Java VM: Java HotSpot(TM) 64-Bit Server VM (17.0.3.1+2-LTS-6, mixed mode, sharing, tiered, compressed oops, compressed class ptrs, g1 gc, windows-amd64)
GC Precious Log:
 CPUs: 4 total, 4 available
 Memory: 8107M
 Large Page Support: Disabled
 NUMA Support: Disabled
 Compressed Oops: Enabled (32-bit)
 Heap Region Size: 1M
 Heap Min Capacity: 8M
 Heap Initial Capacity: 128M
 Heap Max Capacity: 512M
 Pre-touch: Disabled
 Parallel Workers: 4
 Concurrent Workers: 1
 Concurrent Refinement Workers: 4
 Periodic GC: Disabled
Heap:
 garbage-first heap   total 51200K, used 33397K [0x00000000e0000000, 0x0000000100000000)
  region size 1024K, 20 young (20480K), 3 survivors (3072K)
 Metaspace       used 31262K, committed 31616K, reserved 1081344K
  class space    used 3976K, committed 4160K, reserved 1048576K
GC Heap History (20 events):
Event: 25.995 GC heap before
{Heap before GC invocations=6 (full 0):
 garbage-first heap   total 131072K, used 30141K [0x00000000e0000000, 0x0000000100000000)
  region size 1024K, 24 young (24576K), 6 survivors (6144K)
 Metaspace       used 21181K, committed 21504K, reserved 1073152K
  class space    used 2705K, committed 2880K, reserved 1048576K
}
Event: 26.008 GC heap after
{Heap after GC invocations=7 (full 0):
 garbage-first heap   total 131072K, used 13372K [0x00000000e0000000, 0x0000000100000000)
  region size 1024K, 5 young (5120K), 5 survivors (5120K)
 Metaspace       used 21181K, committed 21504K, reserved 1073152K
  class space    used 2705K, committed 2880K, reserved 1048576K
}
Event: 27.687 GC heap before
{Heap before GC invocations=8 (full 0):
 garbage-first heap   total 51200K, used 38972K [0x00000000e0000000, 0x0000000100000000)
  region size 1024K, 30 young (30720K), 5 survivors (5120K)
 Metaspace       used 22533K, committed 22848K, reserved 1073152K
  class space    used 2890K, committed 3072K, reserved 1048576K
}
Event: 27.700 GC heap after
{Heap after GC invocations=9 (full 0):
 garbage-first heap   total 51200K, used 13707K [0x00000000e0000000, 0x0000000100000000)
  region size 1024K, 3 young (3072K), 3 survivors (3072K)
 Metaspace       used 22533K, committed 22848K, reserved 1073152K
  class space    used 2890K, committed 3072K, reserved 1048576K
}
Event: 27.730 GC heap before
{Heap before GC invocations=9 (full 0):
 garbage-first heap   total 51200K, used 14731K [0x00000000e0000000, 0x0000000100000000)
  region size 1024K, 4 young (4096K), 3 survivors (3072K)
 Metaspace       used 22567K, committed 22848K, reserved 1073152K
  class space    used 2895K, committed 3072K, reserved 1048576K
}
Event: 27.737 GC heap after
{Heap after GC invocations=10 (full 0):
 garbage-first heap   total 51200K, used 14218K [0x00000000e0000000, 0x0000000100000000)
  region size 1024K, 1 young (1024K), 1 survivors (1024K)
 Metaspace       used 22567K, committed 22848K, reserved 1073152K
  class space    used 2895K, committed 3072K, reserved 1048576K
}
Event: 30.019 GC heap before
{Heap before GC invocations=10 (full 0):
 garbage-first heap   total 51200K, used 38794K [0x00000000e0000000, 0x0000000100000000)
  region size 1024K, 26 young (26624K), 1 survivors (1024K)
 Metaspace       used 23954K, committed 24256K, reserved 1073152K
  class space    used 3091K, committed 3264K, reserved 1048576K
}
Event: 30.024 GC heap after
{Heap after GC invocations=11 (full 0):
 garbage-first heap   total 51200K, used 14273K [0x00000000e0000000, 0x0000000100000000)
  region size 1024K, 1 young (1024K), 1 survivors (1024K)
 Metaspace       used 23954K, committed 24256K, reserved 1073152K
  class space    used 3091K, committed 3264K, reserved 1048576K
}
Event: 31.415 GC heap before
{Heap before GC invocations=11 (full 0):
 garbage-first heap   total 51200K, used 38849K [0x00000000e0000000, 0x0000000100000000)
  region size 1024K, 26 young (26624K), 1 survivors (1024K)
 Metaspace       used 25005K, committed 25408K, reserved 1073152K
  class space    used 3208K, committed 3392K, reserved 1048576K
}
Event: 31.420 GC heap after
{Heap after GC invocations=12 (full 0):
 garbage-first heap   total 51200K, used 14396K [0x00000000e0000000, 0x0000000100000000)
  region size 1024K, 1 young (1024K), 1 survivors (1024K)
 Metaspace       used 25005K, committed 25408K, reserved 1073152K
  class space    used 3208K, committed 3392K, reserved 1048576K
}
Event: 32.548 GC heap before
{Heap before GC invocations=12 (full 0):
 garbage-first heap   total 51200K, used 41020K [0x00000000e0000000, 0x0000000100000000)
  region size 1024K, 27 young (27648K), 1 survivors (1024K)
 Metaspace       used 26144K, committed 26496K, reserved 1073152K
  class space    used 3342K, committed 3520K, reserved 1048576K
}
Event: 32.553 GC heap after
{Heap after GC invocations=13 (full 0):
 garbage-first heap   total 51200K, used 14886K [0x00000000e0000000, 0x0000000100000000)
  region size 1024K, 2 young (2048K), 2 survivors (2048K)
 Metaspace       used 26144K, committed 26496K, reserved 1073152K
  class space    used 3342K, committed 3520K, reserved 1048576K
}
Event: 34.600 GC heap before
{Heap before GC invocations=13 (full 0):
 garbage-first heap   total 51200K, used 41510K [0x00000000e0000000, 0x0000000100000000)
  region size 1024K, 28 young (28672K), 2 survivors (2048K)
 Metaspace       used 27467K, committed 27776K, reserved 1081344K
  class space    used 3561K, committed 3712K, reserved 1048576K
}
Event: 34.607 GC heap after
{Heap after GC invocations=14 (full 0):
 garbage-first heap   total 51200K, used 15270K [0x00000000e0000000, 0x0000000100000000)
  region size 1024K, 2 young (2048K), 2 survivors (2048K)
 Metaspace       used 27467K, committed 27776K, reserved 1081344K
  class space    used 3561K, committed 3712K, reserved 1048576K
}
Event: 36.326 GC heap before
{Heap before GC invocations=14 (full 0):
 garbage-first heap   total 51200K, used 41894K [0x00000000e0000000, 0x0000000100000000)
  region size 1024K, 28 young (28672K), 2 survivors (2048K)
 Metaspace       used 28675K, committed 28992K, reserved 1081344K
  class space    used 3726K, committed 3904K, reserved 1048576K
}
Event: 36.333 GC heap after
{Heap after GC invocations=15 (full 0):
 garbage-first heap   total 51200K, used 15758K [0x00000000e0000000, 0x0000000100000000)
  region size 1024K, 3 young (3072K), 3 survivors (3072K)
 Metaspace       used 28675K, committed 28992K, reserved 1081344K
  class space    used 3726K, committed 3904K, reserved 1048576K
}
Event: 37.429 GC heap before
{Heap before GC invocations=15 (full 0):
 garbage-first heap   total 51200K, used 41358K [0x00000000e0000000, 0x0000000100000000)
  region size 1024K, 28 young (28672K), 3 survivors (3072K)
 Metaspace       used 29881K, committed 30208K, reserved 1081344K
  class space    used 3841K, committed 4032K, reserved 1048576K
}
Event: 37.437 GC heap after
{Heap after GC invocations=16 (full 0):
 garbage-first heap   total 51200K, used 16572K [0x00000000e0000000, 0x0000000100000000)
  region size 1024K, 3 young (3072K), 3 survivors (3072K)
 Metaspace       used 29881K, committed 30208K, reserved 1081344K
  class space    used 3841K, committed 4032K, reserved 1048576K
}
Event: 37.971 GC heap before
{Heap before GC invocations=16 (full 0):
 garbage-first heap   total 51200K, used 42172K [0x00000000e0000000, 0x0000000100000000)
  region size 1024K, 28 young (28672K), 3 survivors (3072K)
 Metaspace       used 30570K, committed 30912K, reserved 1081344K
  class space    used 3901K, committed 4096K, reserved 1048576K
}
Event: 37.980 GC heap after
{Heap after GC invocations=17 (full 0):
 garbage-first heap   total 51200K, used 17013K [0x00000000e0000000, 0x0000000100000000)
  region size 1024K, 3 young (3072K), 3 survivors (3072K)
 Metaspace       used 30570K, committed 30912K, reserved 1081344K
  class space    used 3901K, committed 4096K, reserved 1048576K
}

